Change Component Footprint: Designator=R11 Old Footprint=1206 New Footprint=RESSMD0805
Change Component Footprint: Designator=R12 Old Footprint=1206 New Footprint=RESSMD0805
Change Component Footprint: Designator=USB-CON Old Footprint=Micro-B Molex 1051640001 New Footprint=MOLEX_105017-0001
Change Component Footprint: Designator=R19 Old Footprint=RESSMD0805 New Footprint=0805
Change Component Comment : Designator=C10 Old Comment=1u New Comment=4.7nf
Change Component Comment : Designator=C15 Old Comment=1u New Comment=4.7nf
Change Component Comment : Designator=C16 Old Comment=1u New Comment=4.7nf
Change Component Comment : Designator=C19 Old Comment=1u New Comment=4.7nf
Change Component Comment : Designator=C8 Old Comment=2.2n New Comment=4.7nf
Change Component Comment : Designator=R11 Old Comment=4.7k New Comment=470
Change Component Comment : Designator=R12 Old Comment=4.7k New Comment=470
Change Component Comment : Designator=R4 Old Comment=10k New Comment=470
Change Component Comment : Designator=R5 Old Comment=10k New Comment=470
Change Component Comment : Designator=R6 Old Comment=10k New Comment=470
Change Component Comment : Designator=R9 Old Comment=10k New Comment=470
Change Component Comment : Designator=R14 Old Comment=10K New Comment=470
Change Component Comment : Designator=R15 Old Comment=10K New Comment=470
Change Component Comment : Designator=C11 Old Comment=10n New Comment=4.7nf
Change Component Comment : Designator=C5 Old Comment=100n New Comment=4.7nf
Change Component Comment : Designator=C7 Old Comment=100n New Comment=4.7nf
Change Component Comment : Designator=C9 Old Comment=100n New Comment=4.7nf
Change Component Comment : Designator=C14 Old Comment=100n New Comment=4.7nf
Change Component Comment : Designator=C17 Old Comment=100n New Comment=4.7nf
Change Component Comment : Designator=C18 Old Comment=100n New Comment=4.7nf
Change Component Description : Designator=C14 Old Description=Capacitor SMD New Description=Capacitor SMD 4.7nF
Change Component Description : Designator=C15 Old Description=Capacitor SMD New Description=Capacitor SMD 4.7nF
Change Component Description : Designator=C16 Old Description=Capacitor SMD New Description=Capacitor SMD 4.7nF
Change Component Description : Designator=C17 Old Description=Capacitor SMD New Description=Capacitor SMD 4.7nF
Added Room: Name=ESP32 MCU
Added Room: Name=ESP32 perifericos
Added Room: Name=Mounting
