Change Component Footprint: Designator=C7 Old Footprint=1206 New Footprint=CAPSMD0805
Change Component Footprint: Designator=C10 Old Footprint=1206 New Footprint=CAPSMD0805
Change Component Footprint: Designator=R19 Old Footprint=1206 New Footprint=RESSMD0805
Change Component Footprint: Designator=R20 Old Footprint=1206 New Footprint=RESSMD0805
Change Component Footprint: Designator=C8 Old Footprint=CAPSMD0603 New Footprint=CAPSMD0805
Change Component Footprint: Designator=C9 Old Footprint=CAPSMD0603 New Footprint=CAPSMD0805
Change Component Footprint: Designator=U2 Old Footprint=QFN50P500X500X80-29N-D New Footprint=QFN24
Change Physical Footprint: Designator=Apogee Old Footprint=BORNERA2 New Footprint=BORNERA2
Change Physical Footprint: Designator=B1 Old Footprint=BMP390 New Footprint=BMP390
Change Physical Footprint: Designator=B3 Old Footprint=CP2102N New Footprint=CP2102N
Change Physical Footprint: Designator=B4 Old Footprint=SOIC127P790X216-8N New Footprint=SOIC127P790X216-8N
Change Physical Footprint: Designator=B5 Old Footprint=SOT95P280X145-5N New Footprint=SOT95P280X145-5N
Change Physical Footprint: Designator=Battery Old Footprint=JST_BM02B-GHS-TBT(LF)(SN) New Footprint=JST_BM02B-GHS-TBT(LF)(SN)
Change Physical Footprint: Designator=C1 Old Footprint=CAPSMD0805 New Footprint=CAPSMD0805
Change Physical Footprint: Designator=C2 Old Footprint=CAPSMD0805 New Footprint=CAPSMD0805
Change Physical Footprint: Designator=C3 Old Footprint=CAPSMD0805 New Footprint=CAPSMD0805
Change Physical Footprint: Designator=C4 Old Footprint=CAPSMD0603 New Footprint=CAPSMD0603
Change Physical Footprint: Designator=C5 Old Footprint=CAPSMD0805 New Footprint=CAPSMD0805
Change Physical Footprint: Designator=C6 Old Footprint=CAPSMD0805 New Footprint=CAPSMD0805
Change Physical Footprint: Designator=C13 Old Footprint=CAPSMD0805 New Footprint=CAPSMD0805
Change Physical Footprint: Designator=C14 Old Footprint=CAPSMD0805 New Footprint=CAPSMD0805
Change Physical Footprint: Designator=C15 Old Footprint=CAPSMD0805 New Footprint=CAPSMD0805
Change Physical Footprint: Designator=C16 Old Footprint=CAPSMD0805 New Footprint=CAPSMD0805
Change Physical Footprint: Designator=C17 Old Footprint=CAPSMD0805 New Footprint=CAPSMD0805
Change Physical Footprint: Designator=D1 Old Footprint=ESDALC51BT2 New Footprint=ESDALC51BT2
Change Physical Footprint: Designator=D2 Old Footprint=ESDALC51BT2 New Footprint=ESDALC51BT2
Change Physical Footprint: Designator=D3 Old Footprint=ESDALC51BT2 New Footprint=ESDALC51BT2
Change Physical Footprint: Designator=D4 Old Footprint=4-PLCC New Footprint=4-PLCC
Change Physical Footprint: Designator=D5 Old Footprint=LEDSMD0603 New Footprint=LEDSMD0603
Change Physical Footprint: Designator=D6 Old Footprint=LEDSMD0603 New Footprint=LEDSMD0603
Change Physical Footprint: Designator=H1 Old Footprint=HOLE_M3 New Footprint=HOLE_M3
Change Physical Footprint: Designator=H2 Old Footprint=HOLE_M3 New Footprint=HOLE_M3
Change Physical Footprint: Designator=H3 Old Footprint=HOLE_M3 New Footprint=HOLE_M3
Change Physical Footprint: Designator=H4 Old Footprint=HOLE_M3 New Footprint=HOLE_M3
Change Physical Footprint: Designator=JTAG Old Footprint=HDR1X5 New Footprint=HDR1X5
Change Physical Footprint: Designator=P1 Old Footprint=PZ254V-11-04P New Footprint=PZ254V-11-04P
Change Physical Footprint: Designator=P2 Old Footprint=PZ254V-11-04P New Footprint=PZ254V-11-04P
Change Physical Footprint: Designator=P3 Old Footprint=PZ254V-11-05P New Footprint=PZ254V-11-05P
Change Physical Footprint: Designator=Q1 Old Footprint=SOT-23-3 New Footprint=SOT-23-3
Change Physical Footprint: Designator=Q2 Old Footprint=SOT-23-3 New Footprint=SOT-23-3
Change Physical Footprint: Designator=Q3 Old Footprint=TRANS_TSM200N03DPQ33_RGG New Footprint=TRANS_TSM200N03DPQ33_RGG
Change Physical Footprint: Designator=R1 Old Footprint=RESSMD0805 New Footprint=RESSMD0805
Change Physical Footprint: Designator=R2 Old Footprint=RESSMD0805 New Footprint=RESSMD0805
Change Physical Footprint: Designator=R3 Old Footprint=RESSMD0805 New Footprint=RESSMD0805
Change Physical Footprint: Designator=R4 Old Footprint=RESSMD0805 New Footprint=RESSMD0805
Change Physical Footprint: Designator=R5 Old Footprint=RESSMD0805 New Footprint=RESSMD0805
Change Physical Footprint: Designator=R6 Old Footprint=RESSMD0805 New Footprint=RESSMD0805
Change Physical Footprint: Designator=R7 Old Footprint=RESSMD0805 New Footprint=RESSMD0805
Change Physical Footprint: Designator=R8 Old Footprint=RESSMD0805 New Footprint=RESSMD0805
Change Physical Footprint: Designator=R9 Old Footprint=RESSMD0805 New Footprint=RESSMD0805
Change Physical Footprint: Designator=R10 Old Footprint=RESSMD0805 New Footprint=RESSMD0805
Change Physical Footprint: Designator=R11 Old Footprint=RESSMD0805 New Footprint=RESSMD0805
Change Physical Footprint: Designator=R12 Old Footprint=RESSMD0805 New Footprint=RESSMD0805
Change Physical Footprint: Designator=R13 Old Footprint=RESSMD0805 New Footprint=RESSMD0805
Change Physical Footprint: Designator=R14 Old Footprint=RESSMD0805 New Footprint=RESSMD0805
Change Physical Footprint: Designator=R15 Old Footprint=RESSMD0805 New Footprint=RESSMD0805
Change Physical Footprint: Designator=R16 Old Footprint=RESSMD0805 New Footprint=RESSMD0805
Change Physical Footprint: Designator=R17 Old Footprint=RESSMD0805 New Footprint=RESSMD0805
Change Physical Footprint: Designator=R18 Old Footprint=RESSMD0805 New Footprint=RESSMD0805
Change Physical Footprint: Designator=S1 Old Footprint=PUSHBUTTON New Footprint=PUSHBUTTON
Change Physical Footprint: Designator=Secondary Old Footprint=BORNERA2 New Footprint=BORNERA2
Change Physical Footprint: Designator=Switches Old Footprint=BORNERA2 New Footprint=BORNERA2
Change Physical Footprint: Designator=TP1 Old Footprint=5015 New Footprint=5015
Change Physical Footprint: Designator=TP2 Old Footprint=5015 New Footprint=5015
Change Physical Footprint: Designator=TP3 Old Footprint=5015 New Footprint=5015
Change Physical Footprint: Designator=TP4 Old Footprint=5015 New Footprint=5015
Change Physical Footprint: Designator=TP5 Old Footprint=5015 New Footprint=5015
Change Physical Footprint: Designator=TP6 Old Footprint=5015 New Footprint=5015
Change Physical Footprint: Designator=TP7 Old Footprint=5015 New Footprint=5015
Change Physical Footprint: Designator=TP8 Old Footprint=5015 New Footprint=5015
Change Physical Footprint: Designator=U1 Old Footprint=XCVR_ESP32-WROOM-32E_(16MB) New Footprint=XCVR_ESP32-WROOM-32E_(16MB)
Change Physical Footprint: Designator=USB-CON Old Footprint=MOLEX_105017-0001 New Footprint=MOLEX_105017-0001
