Removed Pin From Net: NetName=VIN Pin=B5-1
Removed Pin From Net: NetName=GND Pin=B5-2
Removed Pin From Net: NetName=VIN Pin=B5-3
Removed Pin From Net: NetName=3V3 Pin=B5-5
Change Component DesignItemId : Designator=B5 Old DesignItemId=LD2980ABM33TR New DesignItemId=LP5912-3.3DRVT
Change Component Footprint: Designator=R11 Old Footprint=RESSMD0805 New Footprint=1206
Change Component Footprint: Designator=R12 Old Footprint=RESSMD0805 New Footprint=1206
Change Component Footprint: Designator=B5 Old Footprint=SOT95P280X145-5N New Footprint=SON65P200X200X80-7N
Change Component Comment : Designator=C10 Old Comment=4.7nf New Comment=1u
Change Component Comment : Designator=C15 Old Comment=4.7nf New Comment=1u
Change Component Comment : Designator=C16 Old Comment=4.7nf New Comment=1u
Change Component Comment : Designator=C19 Old Comment=4.7nf New Comment=1u
Change Component Comment : Designator=C8 Old Comment=4.7nf New Comment=2.2n
Change Component Comment : Designator=C11 Old Comment=4.7nf New Comment=10n
Change Component Comment : Designator=C5 Old Comment=4.7nf New Comment=100n
Change Component Comment : Designator=C7 Old Comment=4.7nf New Comment=100n
Change Component Comment : Designator=C9 Old Comment=4.7nf New Comment=100n
Change Component Comment : Designator=C14 Old Comment=4.7nf New Comment=100n
Change Component Comment : Designator=C17 Old Comment=4.7nf New Comment=100n
Change Component Comment : Designator=C18 Old Comment=4.7nf New Comment=100n
Change Component Comment : Designator=R11 Old Comment=470 New Comment=4.7k
Change Component Comment : Designator=R12 Old Comment=470 New Comment=4.7k
Change Component Comment : Designator=R4 Old Comment=470 New Comment=10k
Change Component Comment : Designator=R5 Old Comment=470 New Comment=10k
Change Component Comment : Designator=R6 Old Comment=470 New Comment=10k
Change Component Comment : Designator=R9 Old Comment=470 New Comment=10k
Change Component Comment : Designator=R14 Old Comment=470 New Comment=10K
Change Component Comment : Designator=R15 Old Comment=470 New Comment=10K
Change Component Comment : Designator=B5 Old Comment=LD2980ABM33TR New Comment=LP5912-3.3DRVT
Change Component Description : Designator=C14 Old Description=Capacitor SMD 4.7nF New Description=Capacitor SMD
Change Component Description : Designator=C15 Old Description=Capacitor SMD 4.7nF New Description=Capacitor SMD
Change Component Description : Designator=C16 Old Description=Capacitor SMD 4.7nF New Description=Capacitor SMD
Change Component Description : Designator=C17 Old Description=Capacitor SMD 4.7nF New Description=Capacitor SMD
Change Component Description : Designator=B5 Old Description=LDO Regulator 3.3V 0.05A SOT23-5 LD2980ABM33TR, Low Dropout Voltage Regulator, 0.05A, 3.3 V +/-0.5%, -3  16 Vin, 5-Pin SOT-23 New Description=500-mA, low-noise, low-IQ, low-dropout voltage regulator with reverse current protection 6-WSON -40 to 125
Change component parameters: Designator = "B5"; Footprint = "SON65P200X200X80-7N"; UniqueID = "\ABWDLQFF"
Change component parameters. Clean all parameters for all variants
Change component parameters (AddParameter): Name = "Availability"; Value = "Unavailable"; VariantName = "[No Variations]"
Change component parameters (AddParameter): Name = "MF"; Value = ""; VariantName = "[No Variations]"
Change component parameters (AddParameter): Name = "MP"; Value = "LP5912-3.3DRVT"; VariantName = "[No Variations]"
Change component parameters (AddParameter): Name = "Package"; Value = "None"; VariantName = "[No Variations]"
Change component parameters (AddParameter): Name = "Price"; Value = "None"; VariantName = "[No Variations]"
Change component parameters (AddParameter): Name = "Value"; Value = ""; VariantName = "[No Variations]"
Added Pin To Net: NetName=3V3 Pin=B5-1
Added Pin To Net: NetName=VIN Pin=B5-4
Added Pin To Net: NetName=GND Pin=B5-5
Added Pin To Net: NetName=VIN Pin=B5-6
Added Pin To Net: NetName=GND Pin=B5-7
Added Room: Name=ESP32 MCU
Added Room: Name=ESP32 perifericos
Added Room: Name=Mounting
