Change Component Footprint: Designator=R11 Old Footprint=1206 New Footprint=RESSMD0805
Change Component Footprint: Designator=R12 Old Footprint=1206 New Footprint=RESSMD0805
Change Component Footprint: Designator=R19 Old Footprint=RESSMD0805 New Footprint=0805
Change Component Comment : Designator=C16 Old Comment=1u New Comment=10u
Change Component Comment : Designator=C1 Old Comment=4.7nf New Comment=1u
Change Component Comment : Designator=C13 Old Comment=4.7nf New Comment=1u
Change Component Comment : Designator=C21 Old Comment=4.7nf New Comment=1u
Change Component Comment : Designator=C2 Old Comment=4.7nf New Comment=22u
Change Component Comment : Designator=C3 Old Comment=4.7nf New Comment=100n
Change Component Comment : Designator=C4 Old Comment=4.7nf New Comment=100n
Change Component Comment : Designator=C6 Old Comment=4.7nf New Comment=100n
Change Component Comment : Designator=C12 Old Comment=4.7nf New Comment=100n
Change Component Comment : Designator=C20 Old Comment=4.7nf New Comment=100n
Change Component Comment : Designator=R18 Old Comment=470 New Comment=1M
Change Component Comment : Designator=R2 Old Comment=470 New Comment=10k
Change Component Comment : Designator=R3 Old Comment=470 New Comment=10k
Change Component Comment : Designator=R7 Old Comment=470 New Comment=10k
Change Component Comment : Designator=R8 Old Comment=470 New Comment=10k
Change Component Comment : Designator=R21 Old Comment=470 New Comment=22k
Change Component Comment : Designator=R22 Old Comment=470 New Comment=47k
Change Component Description : Designator=C14 Old Description=Capacitor SMD New Description=Capacitor SMD 4.7nF
Change Component Description : Designator=C15 Old Description=Capacitor SMD New Description=Capacitor SMD 4.7nF
Change Component Description : Designator=C16 Old Description=Capacitor SMD New Description=Capacitor SMD 4.7nF
Change Component Description : Designator=C17 Old Description=Capacitor SMD New Description=Capacitor SMD 4.7nF
Added Room: Name=ESP32 MCU
Added Room: Name=ESP32 perifericos
Added Room: Name=Mounting
