Change Component Footprint: Designator=R11 Old Footprint=1206 New Footprint=RESSMD0805
Change Component Footprint: Designator=R12 Old Footprint=1206 New Footprint=RESSMD0805
Change Component Footprint: Designator=C4 Old Footprint=CAPSMD0603 New Footprint=CAPSMD0805
Change Component Footprint: Designator=C20 Old Footprint=CAPSMD0603 New Footprint=CAPSMD0805
Change Component Comment : Designator=R18 Old Comment=1M New Comment=470
Change Component Comment : Designator=C1 Old Comment=1u New Comment=4.7nf
Change Component Comment : Designator=C10 Old Comment=1u New Comment=4.7nf
Change Component Comment : Designator=C13 Old Comment=1u New Comment=4.7nf
Change Component Comment : Designator=C15 Old Comment=1u New Comment=4.7nf
Change Component Comment : Designator=C19 Old Comment=1u New Comment=4.7nf
Change Component Comment : Designator=C21 Old Comment=1u New Comment=4.7nf
Change Component Comment : Designator=C8 Old Comment=2.2n New Comment=4.7nf
Change Component Comment : Designator=R11 Old Comment=4.7k New Comment=470
Change Component Comment : Designator=R12 Old Comment=4.7k New Comment=470
Change Component Comment : Designator=R2 Old Comment=10k New Comment=470
Change Component Comment : Designator=R3 Old Comment=10k New Comment=470
Change Component Comment : Designator=R4 Old Comment=10k New Comment=470
Change Component Comment : Designator=R5 Old Comment=10k New Comment=470
Change Component Comment : Designator=R6 Old Comment=10k New Comment=470
Change Component Comment : Designator=R7 Old Comment=10k New Comment=470
Change Component Comment : Designator=R8 Old Comment=10k New Comment=470
Change Component Comment : Designator=R9 Old Comment=10k New Comment=470
Change Component Comment : Designator=R14 Old Comment=10K New Comment=470
Change Component Comment : Designator=R15 Old Comment=10K New Comment=470
Change Component Comment : Designator=C11 Old Comment=10n New Comment=4.7nf
Change Component Comment : Designator=C16 Old Comment=10u New Comment=4.7nf
Change Component Comment : Designator=R21 Old Comment=22k New Comment=470
Change Component Comment : Designator=C2 Old Comment=22u New Comment=4.7nf
Change Component Comment : Designator=R22 Old Comment=47k New Comment=470
Change Component Comment : Designator=C3 Old Comment=100n New Comment=4.7nf
Change Component Comment : Designator=C4 Old Comment=100n New Comment=4.7nf
Change Component Comment : Designator=C5 Old Comment=100n New Comment=4.7nf
Change Component Comment : Designator=C6 Old Comment=100n New Comment=4.7nf
Change Component Comment : Designator=C7 Old Comment=100n New Comment=4.7nf
Change Component Comment : Designator=C9 Old Comment=100n New Comment=4.7nf
Change Component Comment : Designator=C12 Old Comment=100n New Comment=4.7nf
Change Component Comment : Designator=C14 Old Comment=100n New Comment=4.7nf
Change Component Comment : Designator=C17 Old Comment=100n New Comment=4.7nf
Change Component Comment : Designator=C18 Old Comment=100n New Comment=4.7nf
Change Component Comment : Designator=C20 Old Comment=100n New Comment=4.7nf
Change Component Description : Designator=C1 Old Description=Capacitor SMD New Description=Capacitor SMD 4.7nF
Change Component Description : Designator=C4 Old Description=Capacitor SMD New Description=Capacitor SMD 4.7nF
Change Component Description : Designator=C6 Old Description=Capacitor SMD New Description=Capacitor SMD 4.7nF
Change Component Description : Designator=C12 Old Description=Capacitor SMD New Description=Capacitor SMD 4.7nF
Change Component Description : Designator=C13 Old Description=Capacitor SMD New Description=Capacitor SMD 4.7nF
Change Component Description : Designator=C14 Old Description=Capacitor SMD New Description=Capacitor SMD 4.7nF
Change Component Description : Designator=C15 Old Description=Capacitor SMD New Description=Capacitor SMD 4.7nF
Change Component Description : Designator=C16 Old Description=Capacitor SMD New Description=Capacitor SMD 4.7nF
Change Component Description : Designator=C17 Old Description=Capacitor SMD New Description=Capacitor SMD 4.7nF
Change Component Description : Designator=C20 Old Description=Capacitor SMD New Description=Capacitor SMD 4.7nF
Change Component Description : Designator=C21 Old Description=Capacitor SMD New Description=Capacitor SMD 4.7nF
Change Component Description : Designator=R2 Old Description=Resistencia SMD 10kohms New Description=Resistencia SMD 470ohms
Change Component Description : Designator=R3 Old Description=Resistencia SMD 10kohms New Description=Resistencia SMD 470ohms
Change Component Description : Designator=R7 Old Description=Resistencia SMD 10kohms New Description=Resistencia SMD 470ohms
Change Component Description : Designator=R8 Old Description=Resistencia SMD 10kohms New Description=Resistencia SMD 470ohms
Change Component Description : Designator=R21 Old Description=Resistencia SMD 10kohms New Description=Resistencia SMD 470ohms
Change Component Description : Designator=R22 Old Description=Resistencia SMD 10kohms New Description=Resistencia SMD 470ohms
Change component parameters: Designator = "P2"; Footprint = "PZ254V-11-04P"; UniqueID = "\QKUONCFL"
Change component parameters. Clean all parameters for all variants
Change component parameters (AddParameter): Name = "Manufacturer"; Value = "XFCN"; VariantName = "[No Variations]"
Change component parameters (AddParameter): Name = "Manufacturer Part Number"; Value = "PZ254V-11-04P"; VariantName = "[No Variations]"
Change component parameters (AddParameter): Name = "Supplier"; Value = "JLCPCB"; VariantName = "[No Variations]"
Change component parameters (AddParameter): Name = "Supplier Part Number"; Value = "C492403"; VariantName = "[No Variations]"
Change component parameters: Designator = "C4"; Footprint = "CAPSMD0805"; UniqueID = "\SUHSDFLP"
Change component parameters. Clean all parameters for all variants
Change component parameters: Designator = "C20"; Footprint = "CAPSMD0805"; UniqueID = "\PUTYLOIJ"
Change component parameters. Clean all parameters for all variants
Added Member To Class: ClassName=ESP32 MCU Member=Component U1 ESP32-WROOM-32E_(16MB)
Added Room: Name=ESP32 MCU
Added Room: Name=ESP32 perifericos
Added Room: Name=Mounting
