Replace Part Apogee BORNERA 2 in C:\Users\Public\Documents\Altium\Projects\ADA2\ESP32 perifericos.SchDoc with BORNERA 2 from ESP32 Platform.SchLib
Replace Part B1 BMP390 in C:\Users\Public\Documents\Altium\Projects\ADA2\ESP32 perifericos.SchDoc with BMP390 from ESP32 Platform.SchLib
Replace Part B4 W25Q80DVSSIG in C:\Users\Public\Documents\Altium\Projects\ADA2\ESP32 perifericos.SchDoc with W25Q80DVSSIG from ESP32 Platform.SchLib
Replace Part B5 LD2980ABM33TR in C:\Users\Public\Documents\Altium\Projects\ADA2\ESP32 perifericos.SchDoc with LD2980ABM33TR from ESP32 Platform.SchLib
Replace Part Battery BM02B-GHS-TBT(LF)(SN) in C:\Users\Public\Documents\Altium\Projects\ADA2\ESP32 perifericos.SchDoc with BM02B-GHS-TBT(LF)(SN) from ESP32 Platform.SchLib
Replace Part C5 CAP in C:\Users\Public\Documents\Altium\Projects\ADA2\ESP32 perifericos.SchDoc with CAP from ESP32 Platform.SchLib
Replace Part C7 CAP in C:\Users\Public\Documents\Altium\Projects\ADA2\ESP32 perifericos.SchDoc with CAP from ESP32 Platform.SchLib
Replace Part C8 CAP in C:\Users\Public\Documents\Altium\Projects\ADA2\ESP32 perifericos.SchDoc with CAP from ESP32 Platform.SchLib
Replace Part C9 CAP in C:\Users\Public\Documents\Altium\Projects\ADA2\ESP32 perifericos.SchDoc with CAP from ESP32 Platform.SchLib
Replace Part C10 CAP in C:\Users\Public\Documents\Altium\Projects\ADA2\ESP32 perifericos.SchDoc with CAP from ESP32 Platform.SchLib
Replace Part C11 CAP in C:\Users\Public\Documents\Altium\Projects\ADA2\ESP32 perifericos.SchDoc with CAP from ESP32 Platform.SchLib
Replace Part C14 CAP in C:\Users\Public\Documents\Altium\Projects\ADA2\ESP32 perifericos.SchDoc with CAP from ESP32 Platform.SchLib
Replace Part C15 CAP in C:\Users\Public\Documents\Altium\Projects\ADA2\ESP32 perifericos.SchDoc with CAP from ESP32 Platform.SchLib
Replace Part C16 CAP in C:\Users\Public\Documents\Altium\Projects\ADA2\ESP32 perifericos.SchDoc with CAP from ESP32 Platform.SchLib
Replace Part C17 CAP in C:\Users\Public\Documents\Altium\Projects\ADA2\ESP32 perifericos.SchDoc with CAP from ESP32 Platform.SchLib
Replace Part C18 CAP in C:\Users\Public\Documents\Altium\Projects\ADA2\ESP32 perifericos.SchDoc with CAP from ESP32 Platform.SchLib
Replace Part C19 CAP in C:\Users\Public\Documents\Altium\Projects\ADA2\ESP32 perifericos.SchDoc with CAP from ESP32 Platform.SchLib
Replace Part D4 LED RGB in C:\Users\Public\Documents\Altium\Projects\ADA2\ESP32 perifericos.SchDoc with LED RGB from ESP32 Platform.SchLib
Replace Part D5 LED in C:\Users\Public\Documents\Altium\Projects\ADA2\ESP32 perifericos.SchDoc with LED from ESP32 Platform.SchLib
Replace Part D6 LED in C:\Users\Public\Documents\Altium\Projects\ADA2\ESP32 perifericos.SchDoc with LED from ESP32 Platform.SchLib
Replace Part Main BORNERA 2 in C:\Users\Public\Documents\Altium\Projects\ADA2\ESP32 perifericos.SchDoc with BORNERA 2 from ESP32 Platform.SchLib
Replace Part Q3 TSM200N03DPQ33_RGG in C:\Users\Public\Documents\Altium\Projects\ADA2\ESP32 perifericos.SchDoc with TSM200N03DPQ33_RGG from ESP32 Platform.SchLib
Replace Part Q3 TSM200N03DPQ33_RGG in C:\Users\Public\Documents\Altium\Projects\ADA2\ESP32 perifericos.SchDoc with TSM200N03DPQ33_RGG from ESP32 Platform.SchLib
Replace Part R1 RES in C:\Users\Public\Documents\Altium\Projects\ADA2\ESP32 perifericos.SchDoc with RES from ESP32 Platform.SchLib
Replace Part R4 RES in C:\Users\Public\Documents\Altium\Projects\ADA2\ESP32 perifericos.SchDoc with RES from ESP32 Platform.SchLib
Replace Part R5 RES in C:\Users\Public\Documents\Altium\Projects\ADA2\ESP32 perifericos.SchDoc with RES from ESP32 Platform.SchLib
Replace Part R6 RES in C:\Users\Public\Documents\Altium\Projects\ADA2\ESP32 perifericos.SchDoc with RES from ESP32 Platform.SchLib
Replace Part R9 RES in C:\Users\Public\Documents\Altium\Projects\ADA2\ESP32 perifericos.SchDoc with RES from ESP32 Platform.SchLib
Replace Part R10 RES in C:\Users\Public\Documents\Altium\Projects\ADA2\ESP32 perifericos.SchDoc with RES from ESP32 Platform.SchLib
Replace Part R11 RES in C:\Users\Public\Documents\Altium\Projects\ADA2\ESP32 perifericos.SchDoc with RES from ESP32 Platform.SchLib
Replace Part R12 RES in C:\Users\Public\Documents\Altium\Projects\ADA2\ESP32 perifericos.SchDoc with RES from ESP32 Platform.SchLib
Replace Part R13 RES in C:\Users\Public\Documents\Altium\Projects\ADA2\ESP32 perifericos.SchDoc with RES from ESP32 Platform.SchLib
Replace Part R14 RES in C:\Users\Public\Documents\Altium\Projects\ADA2\ESP32 perifericos.SchDoc with RES from ESP32 Platform.SchLib
Replace Part R15 RES in C:\Users\Public\Documents\Altium\Projects\ADA2\ESP32 perifericos.SchDoc with RES from ESP32 Platform.SchLib
Replace Part R16 RES in C:\Users\Public\Documents\Altium\Projects\ADA2\ESP32 perifericos.SchDoc with RES from ESP32 Platform.SchLib
Replace Part R17 RES in C:\Users\Public\Documents\Altium\Projects\ADA2\ESP32 perifericos.SchDoc with RES from ESP32 Platform.SchLib
Replace Part R19 RES in C:\Users\Public\Documents\Altium\Projects\ADA2\ESP32 perifericos.SchDoc with RES from ESP32 Platform.SchLib
Replace Part R20 RES in C:\Users\Public\Documents\Altium\Projects\ADA2\ESP32 perifericos.SchDoc with RES from ESP32 Platform.SchLib
Replace Part Switches BORNERA 2 in C:\Users\Public\Documents\Altium\Projects\ADA2\ESP32 perifericos.SchDoc with BORNERA 2 from ESP32 Platform.SchLib
Replace Part TP1 TESTPOINT_5015 in C:\Users\Public\Documents\Altium\Projects\ADA2\ESP32 perifericos.SchDoc with TESTPOINT_5015 from ESP32 Platform.SchLib
Replace Part TP2 TESTPOINT_5015 in C:\Users\Public\Documents\Altium\Projects\ADA2\ESP32 perifericos.SchDoc with TESTPOINT_5015 from ESP32 Platform.SchLib
Replace Part TP3 TESTPOINT_5015 in C:\Users\Public\Documents\Altium\Projects\ADA2\ESP32 perifericos.SchDoc with TESTPOINT_5015 from ESP32 Platform.SchLib
Replace Part TP4 TESTPOINT_5015 in C:\Users\Public\Documents\Altium\Projects\ADA2\ESP32 perifericos.SchDoc with TESTPOINT_5015 from ESP32 Platform.SchLib
Replace Part TP5 TESTPOINT_5015 in C:\Users\Public\Documents\Altium\Projects\ADA2\ESP32 perifericos.SchDoc with TESTPOINT_5015 from ESP32 Platform.SchLib
Replace Part TP6 TESTPOINT_5015 in C:\Users\Public\Documents\Altium\Projects\ADA2\ESP32 perifericos.SchDoc with TESTPOINT_5015 from ESP32 Platform.SchLib
Replace Part U2 MPU-6050 in C:\Users\Public\Documents\Altium\Projects\ADA2\ESP32 perifericos.SchDoc with MPU-6050 from ESP32 Platform.SchLib
