Replace Part B3 CP2102N-A02-GQFN28R in C:\Users\Public\Documents\Altium\Projects\ADA2\ESP32 MCU.SchDoc with CP2102N-A02-GQFN28R from ESP32 Platform.SchLib
Replace Part C1 CAP in C:\Users\Public\Documents\Altium\Projects\ADA2\ESP32 MCU.SchDoc with CAP from ESP32 Platform.SchLib
Replace Part C2 CAP in C:\Users\Public\Documents\Altium\Projects\ADA2\ESP32 MCU.SchDoc with CAP from ESP32 Platform.SchLib
Replace Part C3 CAP in C:\Users\Public\Documents\Altium\Projects\ADA2\ESP32 MCU.SchDoc with CAP from ESP32 Platform.SchLib
Replace Part C4 CAP in C:\Users\Public\Documents\Altium\Projects\ADA2\ESP32 MCU.SchDoc with CAP from ESP32 Platform.SchLib
Replace Part C6 CAP in C:\Users\Public\Documents\Altium\Projects\ADA2\ESP32 MCU.SchDoc with CAP from ESP32 Platform.SchLib
Replace Part C12 CAP in C:\Users\Public\Documents\Altium\Projects\ADA2\ESP32 MCU.SchDoc with CAP from ESP32 Platform.SchLib
Replace Part C13 CAP in C:\Users\Public\Documents\Altium\Projects\ADA2\ESP32 MCU.SchDoc with CAP from ESP32 Platform.SchLib
Replace Part C20 CAP in C:\Users\Public\Documents\Altium\Projects\ADA2\ESP32 MCU.SchDoc with CAP from ESP32 Platform.SchLib
Replace Part C21 CAP in C:\Users\Public\Documents\Altium\Projects\ADA2\ESP32 MCU.SchDoc with CAP from ESP32 Platform.SchLib
Replace Part D1 ESDALC5-1BT2 in C:\Users\Public\Documents\Altium\Projects\ADA2\ESP32 MCU.SchDoc with ESDALC5-1BT2 from ESP32 Platform.SchLib
Replace Part D2 ESDALC5-1BT2 in C:\Users\Public\Documents\Altium\Projects\ADA2\ESP32 MCU.SchDoc with ESDALC5-1BT2 from ESP32 Platform.SchLib
Replace Part D3 ESDALC5-1BT2 in C:\Users\Public\Documents\Altium\Projects\ADA2\ESP32 MCU.SchDoc with ESDALC5-1BT2 from ESP32 Platform.SchLib
Replace Part P1 HEADER-5P-SR in C:\Users\Public\Documents\Altium\Projects\ADA2\ESP32 MCU.SchDoc with HEADER-5P-SR from ESP32 Platform.SchLib
Replace Part P2 HEADER-5P-SR in C:\Users\Public\Documents\Altium\Projects\ADA2\ESP32 MCU.SchDoc with HEADER-5P-SR from ESP32 Platform.SchLib
Replace Part P3 HEADER-5P-SR in C:\Users\Public\Documents\Altium\Projects\ADA2\ESP32 MCU.SchDoc with HEADER-5P-SR from ESP32 Platform.SchLib
Replace Part Q1 S8050 in C:\Users\Public\Documents\Altium\Projects\ADA2\ESP32 MCU.SchDoc with S8050 from ESP32 Platform.SchLib
Replace Part Q2 S8050 in C:\Users\Public\Documents\Altium\Projects\ADA2\ESP32 MCU.SchDoc with S8050 from ESP32 Platform.SchLib
Replace Part R2 RES in C:\Users\Public\Documents\Altium\Projects\ADA2\ESP32 MCU.SchDoc with RES from ESP32 Platform.SchLib
Replace Part R3 RES in C:\Users\Public\Documents\Altium\Projects\ADA2\ESP32 MCU.SchDoc with RES from ESP32 Platform.SchLib
Replace Part R7 RES in C:\Users\Public\Documents\Altium\Projects\ADA2\ESP32 MCU.SchDoc with RES from ESP32 Platform.SchLib
Replace Part R8 RES in C:\Users\Public\Documents\Altium\Projects\ADA2\ESP32 MCU.SchDoc with RES from ESP32 Platform.SchLib
Replace Part R21 RES in C:\Users\Public\Documents\Altium\Projects\ADA2\ESP32 MCU.SchDoc with RES from ESP32 Platform.SchLib
Replace Part R22 RES in C:\Users\Public\Documents\Altium\Projects\ADA2\ESP32 MCU.SchDoc with RES from ESP32 Platform.SchLib
Replace Part S1 PUSHBUTTON in C:\Users\Public\Documents\Altium\Projects\ADA2\ESP32 MCU.SchDoc with PUSHBUTTON from ESP32 Platform.SchLib
Replace Part S2 PUSHBUTTON in C:\Users\Public\Documents\Altium\Projects\ADA2\ESP32 MCU.SchDoc with PUSHBUTTON from ESP32 Platform.SchLib
Replace Part U1 ESP32-WROOM-32E_(16MB) in C:\Users\Public\Documents\Altium\Projects\ADA2\ESP32 MCU.SchDoc with ESP32-WROOM-32E_(16MB) from ESP32 Platform.SchLib
Replace Part USB-CON 105017-0001 in C:\Users\Public\Documents\Altium\Projects\ADA2\ESP32 MCU.SchDoc with 105017-0001 from ESP32 Platform.SchLib
